<?xml version="1.0"?><coverage lines-covered="27" lines-valid="45" line-rate="0.6" branches-covered="0" branches-valid="0" branch-rate="0" complexity="0" version="1.9" timestamp="1748255655"><sources><source>/run/media/dev/SSD/code/charly/lab/rust/file_encryptor</source></sources><packages><package name="tests" line-rate="0" branch-rate="0" complexity="0"><classes></classes></package><package name="src" line-rate="0.6" branch-rate="0" complexity="0"><classes><class name="lib" filename="src/lib.rs" line-rate="0.7297297297297297" branch-rate="0" complexity="0"><methods/><lines><line number="15" hits="2"/><line number="16" hits="2"/><line number="17" hits="4"/><line number="19" hits="2"/><line number="20" hits="2"/><line number="23" hits="0"/><line number="24" hits="0"/><line number="25" hits="0"/><line number="26" hits="0"/><line number="30" hits="1"/><line number="31" hits="1"/><line number="33" hits="1"/><line number="34" hits="1"/><line number="35" hits="1"/><line number="36" hits="1"/><line number="38" hits="1"/><line number="39" hits="1"/><line number="53" hits="2"/><line number="54" hits="2"/><line number="55" hits="4"/><line number="56" hits="4"/><line number="59" hits="2"/><line number="60" hits="0"/><line number="62" hits="1"/><line number="64" hits="0"/><line number="66" hits="1"/><line number="68" hits="1"/><line number="70" hits="0"/><line number="71" hits="1"/><line number="72" hits="0"/><line number="73" hits="0"/><line number="78" hits="4"/><line number="79" hits="1"/><line number="80" hits="1"/><line number="81" hits="0"/><line number="85" hits="2"/><line number="86" hits="1"/></lines></class><class name="main" filename="src/main.rs" line-rate="0" branch-rate="0" complexity="0"><methods/><lines><line number="33" hits="0"/><line number="34" hits="0"/><line number="35" hits="0"/><line number="37" hits="0"/><line number="38" hits="0"/><line number="39" hits="0"/><line number="40" hits="0"/><line number="43" hits="0"/></lines></class></classes></package></packages></coverage>